<?xml version="1.0" encoding="UTF-8"?>
<!-- Generated by org.testng.reporters.JUnitReportReporter -->
<testsuite hostname="DESKTOP-OVNCBGS" failures="0" tests="4" name="testngdiscus.SequenceTestCase" time="0.038" errors="0" timestamp="2022-03-30T15:12:44 IST" skipped="0">
  <testcase classname="testngdiscus.SequenceTestCase" name="login" time="0.016"/>
  <system-out/>
  <testcase classname="testngdiscus.SequenceTestCase" name="home" time="0.003"/>
  <system-out/>
  <testcase classname="testngdiscus.SequenceTestCase" name="dashboard" time="0.006"/>
  <system-out/>
  <testcase classname="testngdiscus.SequenceTestCase" name="profile" time="0.013"/>
  <system-out/>
</testsuite> <!-- testngdiscus.SequenceTestCase -->
