<?xml version="1.0" encoding="UTF-8"?>
<!-- Generated by org.testng.reporters.JUnitReportReporter -->
<testsuite hostname="DESKTOP-OVNCBGS" failures="0" tests="1" name="testngdiscus.AnnotationInTestng2" time="0.006" errors="0" timestamp="2022-05-19T23:58:35 IST" skipped="0">
  <testcase classname="testngdiscus.AnnotationInTestng2" name="testCase2" time="0.006"/>
  <system-out/>
</testsuite> <!-- testngdiscus.AnnotationInTestng2 -->
