<?xml version="1.0" encoding="UTF-8"?>
<!-- Generated by org.testng.reporters.JUnitReportReporter -->
<testsuite hostname="DESKTOP-OVNCBGS" failures="0" tests="2" name="testngdiscus.MockMukulProgS" time="71.945" errors="0" timestamp="2022-04-11T00:35:56 IST" skipped="0">
  <testcase classname="testngdiscus.MockMukulProgS" name="crossChrome" time="19.931"/>
  <system-out/>
  <testcase classname="testngdiscus.MockMukulProgS" name="crossChrome" time="52.014"/>
  <system-out/>
</testsuite> <!-- testngdiscus.MockMukulProgS -->
