<?xml version="1.0" encoding="UTF-8"?>
<!-- Generated by org.testng.reporters.JUnitReportReporter -->
<testsuite hostname="DESKTOP-OVNCBGS" failures="0" tests="1" name="testngdiscus.ReporterClass" time="0.016" errors="0" timestamp="2022-03-31T19:45:26 IST" skipped="0">
  <testcase classname="testngdiscus.ReporterClass" name="tc1" time="0.016"/>
  <system-out>
    <![CDATA[This is Test case 1]]>
  </system-out>
</testsuite> <!-- testngdiscus.ReporterClass -->
