<?xml version="1.0" encoding="UTF-8"?>
<!-- Generated by org.testng.reporters.JUnitReportReporter -->
<testsuite hostname="DESKTOP-OVNCBGS" failures="0" tests="2" name="testngdiscus.LunchUrl" time="19.502" errors="0" timestamp="2022-04-04T18:02:56 IST" skipped="0">
  <testcase classname="testngdiscus.LunchUrl" name="buildInfo" time="0.019"/>
  <system-out/>
  <testcase classname="testngdiscus.LunchUrl" name="launchUrl" time="19.483"/>
  <system-out/>
</testsuite> <!-- testngdiscus.LunchUrl -->
