<?xml version="1.0" encoding="UTF-8"?>
<!-- Generated by org.testng.reporters.JUnitReportReporter -->
<testsuite hostname="DESKTOP-OVNCBGS" failures="0" tests="2" name="multipleclassexecution.DashBoard" time="0.005" errors="0" timestamp="2022-04-10T22:26:56 IST" skipped="0">
  <testcase classname="multipleclassexecution.DashBoard" name="handlingPopUp" time="0.003"/>
  <system-out>
    <![CDATA[pop up test case]]>
  </system-out>
  <testcase classname="multipleclassexecution.DashBoard" name="checkBox" time="0.002"/>
  <system-out>
    <![CDATA[check box test case]]>
  </system-out>
</testsuite> <!-- multipleclassexecution.DashBoard -->
