<?xml version="1.0" encoding="UTF-8"?>
<!-- Generated by org.testng.reporters.JUnitReportReporter -->
<testsuite hostname="DESKTOP-OVNCBGS" failures="0" tests="3" name="testngdiscus.ParallelTestExecution" time="0.048" errors="0" timestamp="2022-04-05T22:11:29 IST" skipped="0">
  <testcase classname="testngdiscus.ParallelTestExecution" name="testCase1" time="0.016"/>
  <system-out/>
  <testcase classname="testngdiscus.ParallelTestExecution" name="testCase2" time="0.016"/>
  <system-out/>
  <testcase classname="testngdiscus.ParallelTestExecution" name="testCase3" time="0.016"/>
  <system-out/>
</testsuite> <!-- testngdiscus.ParallelTestExecution -->
