<?xml version="1.0" encoding="UTF-8"?>
<!-- Generated by org.testng.reporters.JUnitReportReporter -->
<testsuite hostname="DESKTOP-OVNCBGS" failures="0" tests="1" name="fortoday.HandlingTable" time="28.202" errors="0" timestamp="2022-07-09T16:42:14 IST" skipped="0">
  <testcase classname="fortoday.HandlingTable" name="m1" time="28.202"/>
  <system-out/>
</testsuite> <!-- fortoday.HandlingTable -->
