<?xml version="1.0" encoding="UTF-8"?>
<!-- Generated by org.testng.reporters.JUnitReportReporter -->
<testsuite hostname="DESKTOP-OVNCBGS" failures="0" tests="2" name="testngdiscus.DependsOnMethod2" time="0.004" errors="0" timestamp="2022-05-20T00:04:52 IST" skipped="0">
  <testcase classname="testngdiscus.DependsOnMethod2" name="mySelf" time="0.001"/>
  <system-out/>
  <testcase classname="testngdiscus.DependsOnMethod2" name="chechBox" time="0.003"/>
  <system-out/>
</testsuite> <!-- testngdiscus.DependsOnMethod2 -->
