<?xml version="1.0" encoding="UTF-8"?>
<!-- Generated by org.testng.reporters.JUnitReportReporter -->
<testsuite hostname="DESKTOP-OVNCBGS" failures="0" tests="2" name="multipleclassexecution.login" time="0.027" errors="0" timestamp="2022-04-10T22:26:56 IST" skipped="0">
  <testcase classname="multipleclassexecution.login" name="urlLogin" time="0.005"/>
  <system-out>
    <![CDATA[Test case 1]]>
  </system-out>
  <testcase classname="multipleclassexecution.login" name="loginWithCorrectCred" time="0.022"/>
  <system-out>
    <![CDATA[Test case 2]]>
  </system-out>
</testsuite> <!-- multipleclassexecution.login -->
