<?xml version="1.0" encoding="UTF-8"?>
<!-- Generated by org.testng.reporters.JUnitReportReporter -->
<testsuite hostname="DESKTOP-OVNCBGS" failures="0" tests="2" name="testngdiscus.MockUmeshsir" time="0.027" errors="0" timestamp="2022-04-17T19:07:25 IST" skipped="0">
  <testcase classname="testngdiscus.MockUmeshsir" name="testCase1" time="0.016"/>
  <system-out/>
  <testcase classname="testngdiscus.MockUmeshsir" name="testCase2" time="0.011"/>
  <system-out/>
</testsuite> <!-- testngdiscus.MockUmeshsir -->
