<?xml version="1.0" encoding="UTF-8"?>
<!-- Generated by org.testng.reporters.JUnitReportReporter -->
<testsuite hostname="DESKTOP-OVNCBGS" failures="0" tests="1" name="testclasses.HomeTest" time="5.753" errors="0" timestamp="2022-06-08T15:02:06 IST" skipped="0">
  <testcase classname="testclasses.HomeTest" name="selectInsuranceType" time="5.753"/>
  <system-out/>
</testsuite> <!-- testclasses.HomeTest -->
