<?xml version="1.0" encoding="UTF-8"?>
<!-- Generated by org.testng.reporters.JUnitReportReporter -->
<testsuite hostname="DESKTOP-OVNCBGS" failures="0" tests="2" name="testngdiscus.ParallelClassExection1" time="0.017" errors="0" timestamp="2022-04-05T23:26:33 IST" skipped="0">
  <testcase classname="testngdiscus.ParallelClassExection1" name="tesyCase1" time="0.014"/>
  <system-out/>
  <testcase classname="testngdiscus.ParallelClassExection1" name="tesyCase2" time="0.003"/>
  <system-out/>
</testsuite> <!-- testngdiscus.ParallelClassExection1 -->
