<?xml version="1.0" encoding="UTF-8"?>
<!-- Generated by org.testng.reporters.JUnitReportReporter -->
<testsuite hostname="DESKTOP-OVNCBGS" failures="0" tests="2" name="testngdiscus.AnnotationTestng" time="0.023" errors="0" timestamp="2022-05-19T23:58:35 IST" skipped="0">
  <testcase classname="testngdiscus.AnnotationTestng" name="testCase2" time="0.009"/>
  <system-out/>
  <testcase classname="testngdiscus.AnnotationTestng" name="testCase1" time="0.014"/>
  <system-out/>
</testsuite> <!-- testngdiscus.AnnotationTestng -->
