<?xml version="1.0" encoding="UTF-8"?>
<!-- Generated by org.testng.reporters.JUnitReportReporter -->
<testsuite hostname="DESKTOP-OVNCBGS" failures="0" tests="6" name="testngdiscus.InvocationCountCase" time="0.050" errors="0" timestamp="2022-03-31T19:38:54 IST" skipped="0">
  <testcase classname="testngdiscus.InvocationCountCase" name="login" time="0.008"/>
  <system-out/>
  <testcase classname="testngdiscus.InvocationCountCase" name="login" time="0.008"/>
  <system-out/>
  <testcase classname="testngdiscus.InvocationCountCase" name="login" time="0.022"/>
  <system-out/>
  <testcase classname="testngdiscus.InvocationCountCase" name="login" time="0.007"/>
  <system-out/>
  <testcase classname="testngdiscus.InvocationCountCase" name="login" time="0.003"/>
  <system-out/>
  <testcase classname="testngdiscus.InvocationCountCase" name="dashboard" time="0.002"/>
  <system-out/>
</testsuite> <!-- testngdiscus.InvocationCountCase -->
