<?xml version="1.0" encoding="UTF-8"?>
<!-- Generated by org.testng.reporters.JUnitReportReporter -->
<testsuite hostname="DESKTOP-OVNCBGS" failures="0" tests="2" name="testngdiscus.ParallelClassExection2" time="0.006" errors="0" timestamp="2022-04-05T23:26:33 IST" skipped="0">
  <testcase classname="testngdiscus.ParallelClassExection2" name="tesyCase4" time="0.004"/>
  <system-out/>
  <testcase classname="testngdiscus.ParallelClassExection2" name="tesyCase3" time="0.002"/>
  <system-out/>
</testsuite> <!-- testngdiscus.ParallelClassExection2 -->
