<?xml version="1.0" encoding="UTF-8"?>
<!-- Generated by org.testng.reporters.JUnitReportReporter -->
<testsuite hostname="DESKTOP-OVNCBGS" failures="0" tests="1" name="multipleclassexecution.Profile" time="0.002" errors="0" timestamp="2022-04-10T22:26:56 IST" skipped="0">
  <testcase classname="multipleclassexecution.Profile" name="logout" time="0.002"/>
  <system-out>
    <![CDATA[log out test case]]>
  </system-out>
</testsuite> <!-- multipleclassexecution.Profile -->
