<?xml version="1.0" encoding="UTF-8"?>
<!-- Generated by org.testng.reporters.JUnitReportReporter -->
<testsuite hostname="DESKTOP-OVNCBGS" failures="0" tests="2" name="testngdiscus.ParallelTestExec1" time="138.550" errors="0" timestamp="2022-04-05T22:26:48 IST" skipped="0">
  <testcase classname="testngdiscus.ParallelTestExec1" name="google" time="68.895"/>
  <system-out/>
  <testcase classname="testngdiscus.ParallelTestExec1" name="facebbok" time="69.655"/>
  <system-out/>
</testsuite> <!-- testngdiscus.ParallelTestExec1 -->
