<?xml version="1.0" encoding="UTF-8"?>
<!-- Generated by org.testng.reporters.JUnitReportReporter -->
<testsuite hostname="DESKTOP-OVNCBGS" failures="0" tests="2" name="testclasses.GetQuoteTest" time="10.491" errors="0" timestamp="2022-06-08T15:02:06 IST" skipped="0">
  <testcase classname="testclasses.GetQuoteTest" name="titleValidation" time="0.017"/>
  <system-out/>
  <testcase classname="testclasses.GetQuoteTest" name="submit" time="10.474"/>
  <system-out/>
</testsuite> <!-- testclasses.GetQuoteTest -->
