<?xml version="1.0" encoding="UTF-8"?>
<!-- Generated by org.testng.reporters.JUnitReportReporter -->
<testsuite hostname="DESKTOP-OVNCBGS" failures="0" tests="2" name="testngdiscus.ParallelTestTagExecution2" time="0.007" errors="0" timestamp="2022-04-06T00:00:28 IST" skipped="0">
  <testcase classname="testngdiscus.ParallelTestTagExecution2" name="buildInfo" time="0.002"/>
  <system-out/>
  <testcase classname="testngdiscus.ParallelTestTagExecution2" name="buildInfo" time="0.005"/>
  <system-out/>
</testsuite> <!-- testngdiscus.ParallelTestTagExecution2 -->
