<?xml version="1.0" encoding="UTF-8"?>
<!-- Generated by org.testng.reporters.JUnitReportReporter -->
<testsuite hostname="DESKTOP-OVNCBGS" failures="0" tests="1" name="testngdiscus.ActualAnnotationExample" time="0.018" errors="0" timestamp="2022-04-17T18:33:38 IST" skipped="0">
  <testcase classname="testngdiscus.ActualAnnotationExample" name="testCase" time="0.018"/>
  <system-out/>
</testsuite> <!-- testngdiscus.ActualAnnotationExample -->
