<?xml version="1.0" encoding="UTF-8"?>
<!-- Generated by org.testng.reporters.JUnitReportReporter -->
<testsuite hostname="DESKTOP-OVNCBGS" failures="0" tests="2" name="testngdiscus.ParallelTestTagExecution" time="88.517" errors="0" timestamp="2022-04-06T00:00:28 IST" skipped="0">
  <testcase classname="testngdiscus.ParallelTestTagExecution" name="getUrl" time="43.641"/>
  <system-out/>
  <testcase classname="testngdiscus.ParallelTestTagExecution" name="getUrl" time="44.876"/>
  <system-out/>
</testsuite> <!-- testngdiscus.ParallelTestTagExecution -->
